<?xml version="1.0" encoding="UTF-8"?>
<!-- Generated by org.testng.reporters.JUnitReportReporter -->
<testsuite hostname="DESKTOP-RHIG6R02" failures="0" tests="3" name="com.luma.testcase.HomPageTest" time="5.047" errors="0" timestamp="2023-11-16T15:48:50 IST" skipped="0">
  <testcase classname="com.luma.testcase.HomPageTest" name="validateTitle" time="3.029"/>
  <system-out/>
  <testcase classname="com.luma.testcase.HomPageTest" name="validateLogo" time="0.071"/>
  <system-out/>
  <testcase classname="com.luma.testcase.HomPageTest" name="shopYoga" time="1.947"/>
  <system-out/>
</testsuite> <!-- com.luma.testcase.HomPageTest -->
